<?xml version="1.0" encoding="UTF-8" ?>
<testsuite tests="5" failures="0" name="org.denny.struts.dao.impl.UserDaoImplTest" time="0.599" errors="0" skipped="0">
  <properties>
[...]
</properties>
  <testcase classname="org.denny.struts.dao.impl.UserDaoImplTest" name="org.denny.struts.dao.impl.UserDaoImplTest.testAdd" time="0.564"/>
  <testcase classname="org.denny.struts.dao.impl.UserDaoImplTest" name="org.denny.struts.dao.impl.UserDaoImplTest.testDelete" time="0.004"/>
  <testcase classname="org.denny.struts.dao.impl.UserDaoImplTest" name="org.denny.struts.dao.impl.UserDaoImplTest.testUpdate" time="0.021"/>
  <testcase classname="org.denny.struts.dao.impl.UserDaoImplTest" name="org.denny.struts.dao.impl.UserDaoImplTest.testGetList" time="0.002"/>
  <testcase classname="org.denny.struts.dao.impl.UserDaoImplTest" name="org.denny.struts.dao.impl.UserDaoImplTest.testGetById" time="0.008"/>
</testsuite>